<?xml version="1.0" encoding="UTF-8"?>
<testng-results ignored="0" total="5" passed="5" failed="0" skipped="0">
  <reporter-output>
  </reporter-output>
  <suite started-at="2023-11-29T08:31:28Z" name="Surefire suite" finished-at="2023-11-29T08:31:33Z" duration-ms="5134">
    <groups>
      <group name="cucumber">
        <method signature="AbstractTestNGCucumberTests.runScenario(io.cucumber.testng.PickleWrapper, io.cucumber.testng.FeatureWrapper)[pri:0, instance:cucumberOptions.CucumberRunner@5542c4ed]" name="runScenario" class="io.cucumber.testng.AbstractTestNGCucumberTests"/>
      </group> <!-- cucumber -->
    </groups>
    <test started-at="2023-11-29T08:31:28Z" name="Surefire test" finished-at="2023-11-29T08:31:33Z" duration-ms="5134">
      <class name="cucumberOptions.CucumberRunner">
        <test-method is-config="true" signature="setUpClass(org.testng.ITestContext)[pri:0, instance:cucumberOptions.CucumberRunner@5542c4ed]" started-at="2023-11-29T08:31:28Z" name="setUpClass" finished-at="2023-11-29T08:31:28Z" duration-ms="462" status="PASS">
          <params>
            <param index="0">
              <value>
                <![CDATA[org.testng.TestRunner@629e8212]]>
              </value>
            </param>
          </params>
          <reporter-output>
          </reporter-output>
        </test-method> <!-- setUpClass -->
        <test-method signature="runScenario(io.cucumber.testng.PickleWrapper, io.cucumber.testng.FeatureWrapper)[pri:0, instance:cucumberOptions.CucumberRunner@5542c4ed]" started-at="2023-11-29T08:31:28Z" name="runScenario" description="Runs Cucumber Scenarios" data-provider="scenarios" finished-at="2023-11-29T08:31:30Z" duration-ms="1335" status="PASS">
          <params>
            <param index="0">
              <value>
                <![CDATA["Verify Status Codes of Rest Assured Requests to Json Place Holder site."]]>
              </value>
            </param>
            <param index="1">
              <value>
                <![CDATA["JsonPlaceHolder"]]>
              </value>
            </param>
          </params>
          <reporter-output>
          </reporter-output>
        </test-method> <!-- runScenario -->
        <test-method signature="runScenario(io.cucumber.testng.PickleWrapper, io.cucumber.testng.FeatureWrapper)[pri:0, instance:cucumberOptions.CucumberRunner@5542c4ed]" started-at="2023-11-29T08:31:30Z" name="runScenario" description="Runs Cucumber Scenarios" data-provider="scenarios" finished-at="2023-11-29T08:31:31Z" duration-ms="765" status="PASS">
          <params>
            <param index="0">
              <value>
                <![CDATA["Verify Status Codes of Rest Assured Requests to Json Place Holder site."]]>
              </value>
            </param>
            <param index="1">
              <value>
                <![CDATA["JsonPlaceHolder"]]>
              </value>
            </param>
          </params>
          <reporter-output>
          </reporter-output>
        </test-method> <!-- runScenario -->
        <test-method signature="runScenario(io.cucumber.testng.PickleWrapper, io.cucumber.testng.FeatureWrapper)[pri:0, instance:cucumberOptions.CucumberRunner@5542c4ed]" started-at="2023-11-29T08:31:31Z" name="runScenario" description="Runs Cucumber Scenarios" data-provider="scenarios" finished-at="2023-11-29T08:31:31Z" duration-ms="964" status="PASS">
          <params>
            <param index="0">
              <value>
                <![CDATA["Verify Status Codes of Rest Assured Requests to Json Place Holder site."]]>
              </value>
            </param>
            <param index="1">
              <value>
                <![CDATA["JsonPlaceHolder"]]>
              </value>
            </param>
          </params>
          <reporter-output>
          </reporter-output>
        </test-method> <!-- runScenario -->
        <test-method signature="runScenario(io.cucumber.testng.PickleWrapper, io.cucumber.testng.FeatureWrapper)[pri:0, instance:cucumberOptions.CucumberRunner@5542c4ed]" started-at="2023-11-29T08:31:31Z" name="runScenario" description="Runs Cucumber Scenarios" data-provider="scenarios" finished-at="2023-11-29T08:31:32Z" duration-ms="745" status="PASS">
          <params>
            <param index="0">
              <value>
                <![CDATA["Verify Status Codes of Rest Assured Requests to Json Place Holder site."]]>
              </value>
            </param>
            <param index="1">
              <value>
                <![CDATA["JsonPlaceHolder"]]>
              </value>
            </param>
          </params>
          <reporter-output>
          </reporter-output>
        </test-method> <!-- runScenario -->
        <test-method signature="runScenario(io.cucumber.testng.PickleWrapper, io.cucumber.testng.FeatureWrapper)[pri:0, instance:cucumberOptions.CucumberRunner@5542c4ed]" started-at="2023-11-29T08:31:32Z" name="runScenario" description="Runs Cucumber Scenarios" data-provider="scenarios" finished-at="2023-11-29T08:31:33Z" duration-ms="800" status="PASS">
          <params>
            <param index="0">
              <value>
                <![CDATA["Verify Status Codes of Rest Assured Requests to Json Place Holder site."]]>
              </value>
            </param>
            <param index="1">
              <value>
                <![CDATA["JsonPlaceHolder"]]>
              </value>
            </param>
          </params>
          <reporter-output>
          </reporter-output>
        </test-method> <!-- runScenario -->
        <test-method is-config="true" signature="tearDownClass()[pri:0, instance:cucumberOptions.CucumberRunner@5542c4ed]" started-at="2023-11-29T08:31:33Z" name="tearDownClass" finished-at="2023-11-29T08:31:33Z" duration-ms="47" status="PASS">
          <reporter-output>
          </reporter-output>
        </test-method> <!-- tearDownClass -->
      </class> <!-- cucumberOptions.CucumberRunner -->
    </test> <!-- Surefire test -->
  </suite> <!-- Surefire suite -->
</testng-results>
