<?xml version="1.0" encoding="UTF-8"?>
<testsuite xmlns:xsi="http://www.w3.org/2001/XMLSchema-instance" xsi:noNamespaceSchemaLocation="https://maven.apache.org/surefire/maven-surefire-plugin/xsd/surefire-test-report-3.0.xsd" version="3.0" name="cucumberOptions.CucumberRunner" time="5.396" tests="5" errors="0" skipped="0" failures="0">
  <properties>
[...]
</properties>
  <testcase name="runScenario[&quot;Verify Status Codes of Rest Assured Requests to Json Place Holder site.&quot;, &quot;JsonPlaceHolder&quot;](1)" classname="cucumberOptions.CucumberRunner" time="1.338">
    <system-out><![CDATA[
Scenario Outline: Verify Status Codes of Rest Assured Requests to Json Place Holder site. # src/test/resources/features/JsonPlaceHolder.feature:10
  Given Json Place Holder site                                                            # stepDefinitions.MainSteps.json_place_holder_site()
  When Rest Assured Request is "Get"                                                      # stepDefinitions.MainSteps.rest_assured_request_is(java.lang.String)
  Then the status code should be 200                                                      # stepDefinitions.MainSteps.the_status_code_should_be(java.lang.Integer)
]]></system-out>
    <system-err><![CDATA[Nov 29, 2023 2:01:28 PM io.cucumber.core.options.CucumberPropertiesParser lambda$warnWhenCucumberOptionsIsUsed$2
WARNING: Passing commandline options via the property 'cucumber.options' is no longer supported. Please use individual properties instead. See the java doc on io.cucumber.core.options.Constants for details.
]]></system-err>
  </testcase>
  <testcase name="runScenario[&quot;Verify Status Codes of Rest Assured Requests to Json Place Holder site.&quot;, &quot;JsonPlaceHolder&quot;](2)" classname="cucumberOptions.CucumberRunner" time="0.763">
    <system-out><![CDATA[
Scenario Outline: Verify Status Codes of Rest Assured Requests to Json Place Holder site. # src/test/resources/features/JsonPlaceHolder.feature:11
  Given Json Place Holder site                                                            # stepDefinitions.MainSteps.json_place_holder_site()
  When Rest Assured Request is "Put"                                                      # stepDefinitions.MainSteps.rest_assured_request_is(java.lang.String)
  Then the status code should be 200                                                      # stepDefinitions.MainSteps.the_status_code_should_be(java.lang.Integer)
]]></system-out>
  </testcase>
  <testcase name="runScenario[&quot;Verify Status Codes of Rest Assured Requests to Json Place Holder site.&quot;, &quot;JsonPlaceHolder&quot;](3)" classname="cucumberOptions.CucumberRunner" time="0.965">
    <system-out><![CDATA[
Scenario Outline: Verify Status Codes of Rest Assured Requests to Json Place Holder site. # src/test/resources/features/JsonPlaceHolder.feature:12
  Given Json Place Holder site                                                            # stepDefinitions.MainSteps.json_place_holder_site()
  When Rest Assured Request is "Post"                                                     # stepDefinitions.MainSteps.rest_assured_request_is(java.lang.String)
  Then the status code should be 201                                                      # stepDefinitions.MainSteps.the_status_code_should_be(java.lang.Integer)
]]></system-out>
  </testcase>
  <testcase name="runScenario[&quot;Verify Status Codes of Rest Assured Requests to Json Place Holder site.&quot;, &quot;JsonPlaceHolder&quot;](4)" classname="cucumberOptions.CucumberRunner" time="0.746">
    <system-out><![CDATA[
Scenario Outline: Verify Status Codes of Rest Assured Requests to Json Place Holder site. # src/test/resources/features/JsonPlaceHolder.feature:13
  Given Json Place Holder site                                                            # stepDefinitions.MainSteps.json_place_holder_site()
  When Rest Assured Request is "Patch"                                                    # stepDefinitions.MainSteps.rest_assured_request_is(java.lang.String)
  Then the status code should be 200                                                      # stepDefinitions.MainSteps.the_status_code_should_be(java.lang.Integer)
]]></system-out>
  </testcase>
  <testcase name="runScenario[&quot;Verify Status Codes of Rest Assured Requests to Json Place Holder site.&quot;, &quot;JsonPlaceHolder&quot;](5)" classname="cucumberOptions.CucumberRunner" time="0.801">
    <system-out><![CDATA[
Scenario Outline: Verify Status Codes of Rest Assured Requests to Json Place Holder site. # src/test/resources/features/JsonPlaceHolder.feature:14
  Given Json Place Holder site                                                            # stepDefinitions.MainSteps.json_place_holder_site()
  When Rest Assured Request is "Delete"                                                   # stepDefinitions.MainSteps.rest_assured_request_is(java.lang.String)
  Then the status code should be 200                                                      # stepDefinitions.MainSteps.the_status_code_should_be(java.lang.Integer)
]]></system-out>
  </testcase>
</testsuite>