<?xml version="1.0" encoding="UTF-8"?>
<testsuite xmlns:xsi="http://www.w3.org/2001/XMLSchema-instance" xsi:noNamespaceSchemaLocation="https://maven.apache.org/surefire/maven-surefire-plugin/xsd/surefire-test-report-3.0.xsd" version="3.0" name="TestSuite" time="2.82" tests="4" errors="0" skipped="0" failures="0">
  <properties>
[...]
</properties>
  <testcase name="testHttpGet" classname="com.masterUsecse.soapUI.AssertionTestng" time="0.726">
    <system-out><![CDATA[18:49:48.301 [main] DEBUG org.testng.TestNG - suiteXmlPath: "C:\Users\ravikant\Documents\Master Use Case\SdetMasterUseCasePart1\src\test\resources\testng.xml"

Scenario: Verify HTTP GET request and response          &amp#27;[90m# src/test/resources/features/http_get.feature:4&amp#27;[0m
  &amp#27;[32mGiven &amp#27;[0m&amp#27;[32mI have an HTTP GET request&amp#27;[0m                      &amp#27;[90m# stepdefinitions.HttpGetStepDefinitions.initializeHttpGetRequest()&amp#27;[0m
]]></system-out>
    <system-err><![CDATA[Nov 24, 2023 6:49:48 PM io.cucumber.core.options.CucumberPropertiesParser lambda$warnWhenCucumberOptionsIsUsed$2
WARNING: Passing commandline options via the property 'cucumber.options' is no longer supported. Please use individual properties instead. See the java doc on io.cucumber.core.options.Constants for details.
]]></system-err>
  </testcase>
  <testcase name="testPostRequest" classname="com.masterUsecse.soapUI.AssertionTestng$HttpPostTest" time="0.737"/>
  <testcase name="runScenario[&quot;Verify HTTP GET request and response&quot;, &quot;Testing HTTP GET Requests&quot;](1)" classname="com.next.cucumberOptions.TestRunner" time="0.93">
    <system-out><![CDATA[  &amp#27;[32mWhen &amp#27;[0m&amp#27;[32mI send the HTTP GET request&amp#27;[0m                      &amp#27;[90m# stepdefinitions.HttpGetStepDefinitions.sendHttpGetRequest()&amp#27;[0m
  &amp#27;[32mThen &amp#27;[0m&amp#27;[32mI should receive a response with status code &amp#27;[0m&amp#27;[32m&amp#27;[1m200&amp#27;[0m &amp#27;[90m# stepdefinitions.HttpGetStepDefinitions.verifyStatusCode(int)&amp#27;[0m
]]></system-out>
  </testcase>
  <testcase name="runScenario[&quot;Verify HTTP post request and response&quot;, &quot;Testing HTTP post Requests&quot;](2)" classname="com.next.cucumberOptions.TestRunner" time="0.834">
    <system-out><![CDATA[
Scenario: Verify HTTP post request and response       &amp#27;[90m# src/test/resources/features/http_post.feature:3&amp#27;[0m
  &amp#27;[32mGiven &amp#27;[0m&amp#27;[32mI have an HTTP post request&amp#27;[0m                   &amp#27;[90m# stepdefinitions.HttpPostStepDefinitions.initializeHttpPostRequest()&amp#27;[0m
  &amp#27;[32mWhen &amp#27;[0m&amp#27;[32mI send the HTTP post request&amp#27;[0m                   &amp#27;[90m# stepdefinitions.HttpPostStepDefinitions.sendHttpPostRequest()&amp#27;[0m
  &amp#27;[32mThen &amp#27;[0m&amp#27;[32mI will receive a response with status code &amp#27;[0m&amp#27;[32m&amp#27;[1m415&amp#27;[0m &amp#27;[90m# stepdefinitions.HttpPostStepDefinitions.verifyCode(int)&amp#27;[0m
]]></system-out>
  </testcase>
</testsuite>