<?xml version="1.0" encoding="UTF-8"?>
<testng-results ignored="0" total="4" passed="4" failed="0" skipped="0">
  <reporter-output>
  </reporter-output>
  <suite started-at="2023-11-24T18:49:48 IST" name="Suite" finished-at="2023-11-24T18:49:50 IST" duration-ms="2318">
    <groups>
      <group name="cucumber">
        <method signature="AbstractTestNGCucumberTests.runScenario(io.cucumber.testng.PickleWrapper,io.cucumber.testng.FeatureWrapper)[pri:0, instance:com.next.cucumberOptions.TestRunner@312aa7c]" name="runScenario" class="io.cucumber.testng.AbstractTestNGCucumberTests"/>
      </group> <!-- cucumber -->
    </groups>
    <test started-at="2023-11-24T18:49:48 IST" name="Test" finished-at="2023-11-24T18:49:50 IST" duration-ms="2318">
      <class name="com.masterUsecse.soapUI.AssertionTestng">
        <test-method signature="testHttpGet()[pri:0, instance:com.masterUsecse.soapUI.AssertionTestng@76494737]" started-at="2023-11-24T18:49:48 IST" name="testHttpGet" finished-at="2023-11-24T18:49:49 IST" duration-ms="1205" status="PASS">
          <reporter-output>
          </reporter-output>
        </test-method> <!-- testHttpGet -->
      </class> <!-- com.masterUsecse.soapUI.AssertionTestng -->
      <class name="com.masterUsecse.soapUI.AssertionTestng$HttpPostTest">
        <test-method signature="testPostRequest()[pri:0, instance:com.masterUsecse.soapUI.AssertionTestng$HttpPostTest@6c284af]" started-at="2023-11-24T18:49:48 IST" name="testPostRequest" finished-at="2023-11-24T18:49:49 IST" duration-ms="1217" status="PASS">
          <reporter-output>
          </reporter-output>
        </test-method> <!-- testPostRequest -->
      </class> <!-- com.masterUsecse.soapUI.AssertionTestng$HttpPostTest -->
      <class name="com.next.cucumberOptions.TestRunner">
        <test-method is-config="true" signature="setUpClass(org.testng.ITestContext)[pri:0, instance:com.next.cucumberOptions.TestRunner@312aa7c]" started-at="2023-11-24T18:49:48 IST" name="setUpClass" finished-at="2023-11-24T18:49:49 IST" duration-ms="483" status="PASS">
          <params>
            <param index="0">
              <value>
                <![CDATA[org.testng.TestRunner@389b0789]]>
              </value>
            </param>
          </params>
          <reporter-output>
          </reporter-output>
        </test-method> <!-- setUpClass -->
        <test-method signature="runScenario(io.cucumber.testng.PickleWrapper,io.cucumber.testng.FeatureWrapper)[pri:0, instance:com.next.cucumberOptions.TestRunner@312aa7c]" started-at="2023-11-24T18:49:49 IST" name="runScenario" description="Runs Cucumber Scenarios" data-provider="scenarios" finished-at="2023-11-24T18:49:50 IST" duration-ms="931" status="PASS">
          <params>
            <param index="0">
              <value>
                <![CDATA["Verify HTTP GET request and response"]]>
              </value>
            </param>
            <param index="1">
              <value>
                <![CDATA["Testing HTTP GET Requests"]]>
              </value>
            </param>
          </params>
          <reporter-output>
          </reporter-output>
        </test-method> <!-- runScenario -->
        <test-method signature="runScenario(io.cucumber.testng.PickleWrapper,io.cucumber.testng.FeatureWrapper)[pri:0, instance:com.next.cucumberOptions.TestRunner@312aa7c]" started-at="2023-11-24T18:49:50 IST" name="runScenario" description="Runs Cucumber Scenarios" data-provider="scenarios" finished-at="2023-11-24T18:49:50 IST" duration-ms="832" status="PASS">
          <params>
            <param index="0">
              <value>
                <![CDATA["Verify HTTP post request and response"]]>
              </value>
            </param>
            <param index="1">
              <value>
                <![CDATA["Testing HTTP post Requests"]]>
              </value>
            </param>
          </params>
          <reporter-output>
          </reporter-output>
        </test-method> <!-- runScenario -->
        <test-method is-config="true" signature="tearDownClass()[pri:0, instance:com.next.cucumberOptions.TestRunner@312aa7c]" started-at="2023-11-24T18:49:50 IST" name="tearDownClass" finished-at="2023-11-24T18:49:50 IST" duration-ms="40" status="PASS">
          <reporter-output>
          </reporter-output>
        </test-method> <!-- tearDownClass -->
      </class> <!-- com.next.cucumberOptions.TestRunner -->
    </test> <!-- Test -->
  </suite> <!-- Suite -->
</testng-results>
